Using pre-set license
Built from '2021.3/release' branch; Version is '2021.3.27f1 (ca3ffb99bcc6) revision 13254651'; Using compiler version '192829333'; Build Type 'Release'
OS: 'Windows 11  (10.0.22000) 64bit CoreSingleLanguage' Language: 'en' Physical Memory: 15775 MB
BatchMode: 1, IsHumanControllingUs: 0, StartBugReporterOnCrash: 0, Is64bit: 1, IsPro: 1

COMMAND LINE ARGUMENTS:
C:\Program Files\Unity\Hub\Editor\2021.3.27f1\Editor\Unity.exe
-adb2
-batchMode
-noUpm
-name
AssetImportWorker1
-projectPath
C:/Users/Suomi/LeoTest
-logFile
Logs/AssetImportWorker1.log
-srvPort
49920
Successfully changed project path to: C:/Users/Suomi/LeoTest
C:/Users/Suomi/LeoTest
[UnityMemory] Configuration Parameters - Can be set up in boot.config
    "memorysetup-bucket-allocator-granularity=16"
    "memorysetup-bucket-allocator-bucket-count=8"
    "memorysetup-bucket-allocator-block-size=33554432"
    "memorysetup-bucket-allocator-block-count=8"
    "memorysetup-main-allocator-block-size=16777216"
    "memorysetup-thread-allocator-block-size=16777216"
    "memorysetup-gfx-main-allocator-block-size=16777216"
    "memorysetup-gfx-thread-allocator-block-size=16777216"
    "memorysetup-cache-allocator-block-size=4194304"
    "memorysetup-typetree-allocator-block-size=2097152"
    "memorysetup-profiler-bucket-allocator-granularity=16"
    "memorysetup-profiler-bucket-allocator-bucket-count=8"
    "memorysetup-profiler-bucket-allocator-block-size=33554432"
    "memorysetup-profiler-bucket-allocator-block-count=8"
    "memorysetup-profiler-allocator-block-size=16777216"
    "memorysetup-profiler-editor-allocator-block-size=1048576"
    "memorysetup-temp-allocator-size-main=16777216"
    "memorysetup-job-temp-allocator-block-size=2097152"
    "memorysetup-job-temp-allocator-block-size-background=1048576"
    "memorysetup-job-temp-allocator-reduction-small-platforms=262144"
    "memorysetup-temp-allocator-size-background-worker=32768"
    "memorysetup-temp-allocator-size-job-worker=262144"
    "memorysetup-temp-allocator-size-preload-manager=33554432"
    "memorysetup-temp-allocator-size-nav-mesh-worker=65536"
    "memorysetup-temp-allocator-size-audio-worker=65536"
    "memorysetup-temp-allocator-size-cloud-worker=32768"
    "memorysetup-temp-allocator-size-gi-baking-worker=262144"
    "memorysetup-temp-allocator-size-gfx=262144"
Player connection [8144] Host "[IP] 192.168.1.4 [Port] 0 [Flags] 2 [Guid] 2806128697 [EditorId] 2806128697 [Version] 1048832 [Id] WindowsEditor(7,Rog-Strix-G17) [Debug] 1 [PackageName] WindowsEditor [ProjectName] Editor" joined multi-casting on [225.0.0.222:54997]...

Player connection [8144] Host "[IP] 192.168.1.4 [Port] 0 [Flags] 2 [Guid] 2806128697 [EditorId] 2806128697 [Version] 1048832 [Id] WindowsEditor(7,Rog-Strix-G17) [Debug] 1 [PackageName] WindowsEditor [ProjectName] Editor" joined alternative multi-casting on [225.0.0.222:34997]...

Refreshing native plugins compatible for Editor in 53.45 ms, found 3 plugins.
Preloading 0 native plugins for Editor in 0.00 ms.
Initialize engine version: 2021.3.27f1 (ca3ffb99bcc6)
[Subsystems] Discovering subsystems at path C:/Program Files/Unity/Hub/Editor/2021.3.27f1/Editor/Data/Resources/UnitySubsystems
[Subsystems] Discovering subsystems at path C:/Users/Suomi/LeoTest/Assets
GfxDevice: creating device client; threaded=0; jobified=0
Direct3D:
    Version:  Direct3D 11.0 [level 11.1]
    Renderer: AMD Radeon RX 6800M (ID=0x73df)
    Vendor:   ATI
    VRAM:     12242 MB
    Driver:   31.0.12029.1042
Initialize mono
Mono path[0] = 'C:/Program Files/Unity/Hub/Editor/2021.3.27f1/Editor/Data/Managed'
Mono path[1] = 'C:/Program Files/Unity/Hub/Editor/2021.3.27f1/Editor/Data/MonoBleedingEdge/lib/mono/unityjit-win32'
Mono config path = 'C:/Program Files/Unity/Hub/Editor/2021.3.27f1/Editor/Data/MonoBleedingEdge/etc'
Using monoOptions --debugger-agent=transport=dt_socket,embedding=1,server=y,suspend=n,address=127.0.0.1:56520
Begin MonoManager ReloadAssembly
Registering precompiled unity dll's ...
Register platform support module: C:/Program Files/Unity/Hub/Editor/2021.3.27f1/Editor/Data/PlaybackEngines/AndroidPlayer/UnityEditor.Android.Extensions.dll
Register platform support module: C:/Program Files/Unity/Hub/Editor/2021.3.27f1/Editor/Data/PlaybackEngines/WindowsStandaloneSupport/UnityEditor.WindowsStandalone.Extensions.dll
Registered in 0.004729 seconds.
Native extension for WindowsStandalone target not found
Native extension for Android target not found
Android Extension - Scanning For ADB Devices 164 ms
Refreshing native plugins compatible for Editor in 52.70 ms, found 3 plugins.
Preloading 0 native plugins for Editor in 0.00 ms.
Mono: successfully reloaded assembly
- Completed reload, in  0.649 seconds
Domain Reload Profiling:
	ReloadAssembly (649ms)
		BeginReloadAssembly (61ms)
			ExecutionOrderSort (0ms)
			DisableScriptedObjects (0ms)
			BackupInstance (0ms)
			ReleaseScriptingObjects (0ms)
			CreateAndSetChildDomain (1ms)
		EndReloadAssembly (515ms)
			LoadAssemblies (60ms)
			RebuildTransferFunctionScriptingTraits (0ms)
			SetupTypeCache (76ms)
			ReleaseScriptCaches (0ms)
			RebuildScriptCaches (19ms)
			SetupLoadedEditorAssemblies (382ms)
				LogAssemblyErrors (0ms)
				InitializePlatformSupportModulesInManaged (232ms)
				SetLoadedEditorAssemblies (0ms)
				RefreshPlugins (53ms)
				BeforeProcessingInitializeOnLoad (1ms)
				ProcessInitializeOnLoadAttributes (63ms)
				ProcessInitializeOnLoadMethodAttributes (32ms)
				AfterProcessingInitializeOnLoad (0ms)
				EditorAssembliesLoaded (0ms)
			ExecutionOrderSort2 (0ms)
			AwakeInstancesAfterBackupRestoration (0ms)
Platform modules already initialized, skipping
Registering precompiled user dll's ...
Registered in 0.004241 seconds.
Begin MonoManager ReloadAssembly
Symbol file LoadedFromMemory doesn't match image C:\Users\Suomi\LeoTest\Library\PackageCache\com.unity.visualscripting@1.8.0\Editor\VisualScripting.Core\Dependencies\YamlDotNet\Unity.VisualScripting.YamlDotNet.dll
Symbol file LoadedFromMemory doesn't match image C:\Users\Suomi\LeoTest\Library\PackageCache\com.unity.visualscripting@1.8.0\Editor\VisualScripting.Core\Dependencies\DotNetZip\Unity.VisualScripting.IonicZip.dll
Native extension for WindowsStandalone target not found
Native extension for Android target not found
Refreshing native plugins compatible for Editor in 0.49 ms, found 3 plugins.
Preloading 0 native plugins for Editor in 0.00 ms.
Mono: successfully reloaded assembly
- Completed reload, in  0.789 seconds
Domain Reload Profiling:
	ReloadAssembly (789ms)
		BeginReloadAssembly (93ms)
			ExecutionOrderSort (0ms)
			DisableScriptedObjects (5ms)
			BackupInstance (0ms)
			ReleaseScriptingObjects (0ms)
			CreateAndSetChildDomain (17ms)
		EndReloadAssembly (613ms)
			LoadAssemblies (67ms)
			RebuildTransferFunctionScriptingTraits (0ms)
			SetupTypeCache (207ms)
			ReleaseScriptCaches (0ms)
			RebuildScriptCaches (38ms)
			SetupLoadedEditorAssemblies (272ms)
				LogAssemblyErrors (0ms)
				InitializePlatformSupportModulesInManaged (18ms)
				SetLoadedEditorAssemblies (0ms)
				RefreshPlugins (1ms)
				BeforeProcessingInitializeOnLoad (60ms)
				ProcessInitializeOnLoadAttributes (171ms)
				ProcessInitializeOnLoadMethodAttributes (16ms)
				AfterProcessingInitializeOnLoad (6ms)
				EditorAssembliesLoaded (0ms)
			ExecutionOrderSort2 (0ms)
			AwakeInstancesAfterBackupRestoration (4ms)
Platform modules already initialized, skipping
========================================================================
Worker process is ready to serve import requests
Launched and connected shader compiler UnityShaderCompiler.exe after 0.03 seconds
Refreshing native plugins compatible for Editor in 0.79 ms, found 3 plugins.
Preloading 0 native plugins for Editor in 0.00 ms.
Unloading 3058 Unused Serialized files (Serialized files now loaded: 0)
Unloading 22 unused Assets / (46.3 KB). Loaded Objects now: 3523.
Memory consumption went from 112.3 MB to 112.3 MB.
Total: 2.604000 ms (FindLiveObjects: 0.252200 ms CreateObjectMapping: 0.080700 ms MarkObjects: 2.194700 ms  DeleteObjects: 0.075500 ms)

AssetImportParameters requested are different than current active one (requested -> active):
  custom:video-decoder-ogg-theora: a1e56fd34408186e4bbccfd4996cb3dc -> 
  custom:container-muxer-webm: aa71ff27fc2769a1b78a27578f13a17b -> 
  custom:container-demuxer-webm: 4f35f7cbe854078d1ac9338744f61a02 -> 
  custom:video-encoder-webm-vp8: eb34c28f22e8b96e1ab97ce403110664 -> 
  custom:video-codec-MediaFoundation-h265: 746d11721c4dcdbdad8f713fa42b33f4 -> 
  custom:audio-encoder-webm-vorbis: bf7c407c2cedff20999df2af8eb42d56 -> 
  custom:framework-win-MediaFoundation: 216162199b28c13a410421893ffa2e32 -> 
  custom:container-demuxer-ogg: 62fdf1f143b41e24485cea50d1cbac27 -> 
  custom:video-decoder-webm-vp8: 9c59270c3fd7afecdb556c50c9e8de78 -> 
  custom:audio-decoder-ogg-vorbis: bf7c407c2cedff20999df2af8eb42d56 -> 
========================================================================
Received Import Request.
  Time since last request: 503.894816 seconds.
  path: Assets/ThirdPartyAssets/Synty Studios/3D ModelsCharacters
  artifactKey: Guid(46e8180dc20debc44bc0eb4f910cdcf5) Importer(815301076,1909f56bfc062723c751e8b465ee728b)
Start importing Assets/ThirdPartyAssets/Synty Studios/3D ModelsCharacters using Guid(46e8180dc20debc44bc0eb4f910cdcf5) Importer(815301076,1909f56bfc062723c751e8b465ee728b)  -> (artifact id: '482ba0355edf86c1db65de2e5c3144ae') in 0.009406 seconds 
========================================================================
Received Import Request.
  Time since last request: 270.663109 seconds.
  path: Assets/SimpleCelebrations/_Prefabs/SC_Balloon_02.prefab
  artifactKey: Guid(4cc105dad09388f4f89476402beba42a) Importer(815301076,1909f56bfc062723c751e8b465ee728b)
Start importing Assets/SimpleCelebrations/_Prefabs/SC_Balloon_02.prefab using Guid(4cc105dad09388f4f89476402beba42a) Importer(815301076,1909f56bfc062723c751e8b465ee728b)  -> (artifact id: 'd9f3401f2deda86747558d00c5d09247') in 0.315012 seconds 
========================================================================
Received Import Request.
  Time since last request: 0.000034 seconds.
  path: Assets/SimpleCelebrations/_Prefabs/SC_Christmas_Sleigh.prefab
  artifactKey: Guid(f5d1bba28969afe48a47680b374c1697) Importer(815301076,1909f56bfc062723c751e8b465ee728b)
Start importing Assets/SimpleCelebrations/_Prefabs/SC_Christmas_Sleigh.prefab using Guid(f5d1bba28969afe48a47680b374c1697) Importer(815301076,1909f56bfc062723c751e8b465ee728b)  -> (artifact id: 'a71f0cb8464285901248d8d144a3d930') in 0.013025 seconds 
========================================================================
Received Import Request.
  Time since last request: 0.000048 seconds.
  path: Assets/SimpleCelebrations/_Prefabs/SC_Christmas_Presents_08_Opened.prefab
  artifactKey: Guid(ba077ed6831e5a9419a388ea9c72bd11) Importer(815301076,1909f56bfc062723c751e8b465ee728b)
Start importing Assets/SimpleCelebrations/_Prefabs/SC_Christmas_Presents_08_Opened.prefab using Guid(ba077ed6831e5a9419a388ea9c72bd11) Importer(815301076,1909f56bfc062723c751e8b465ee728b)  -> (artifact id: 'caa4a487ee110a053ae02b75bf75d4ed') in 0.010039 seconds 
========================================================================
Received Import Request.
  Time since last request: 0.000025 seconds.
  path: Assets/SimpleCelebrations/_Prefabs/SC_CincoDeMayo_Pinata.prefab
  artifactKey: Guid(61ddbc0f94182214ba30955ba8ca8552) Importer(815301076,1909f56bfc062723c751e8b465ee728b)
Start importing Assets/SimpleCelebrations/_Prefabs/SC_CincoDeMayo_Pinata.prefab using Guid(61ddbc0f94182214ba30955ba8ca8552) Importer(815301076,1909f56bfc062723c751e8b465ee728b)  -> (artifact id: 'e5e1af1c2feef538386f3a5920e84431') in 0.010973 seconds 
========================================================================
Received Import Request.
  Time since last request: 0.000024 seconds.
  path: Assets/SimpleCelebrations/_Prefabs/SC_Christmas_Presents_02.prefab
  artifactKey: Guid(6a0aad8f2f98ea34a9e37553422a7446) Importer(815301076,1909f56bfc062723c751e8b465ee728b)
Start importing Assets/SimpleCelebrations/_Prefabs/SC_Christmas_Presents_02.prefab using Guid(6a0aad8f2f98ea34a9e37553422a7446) Importer(815301076,1909f56bfc062723c751e8b465ee728b)  -> (artifact id: 'ce5c9bcacc0a9bd698af05cc822f1611') in 0.010064 seconds 
========================================================================
Received Import Request.
  Time since last request: 0.000025 seconds.
  path: Assets/SimpleCelebrations/_Prefabs/SC_Christmas_Candle.prefab
  artifactKey: Guid(eff3cce00154d924d8473fc55af61dae) Importer(815301076,1909f56bfc062723c751e8b465ee728b)
Start importing Assets/SimpleCelebrations/_Prefabs/SC_Christmas_Candle.prefab using Guid(eff3cce00154d924d8473fc55af61dae) Importer(815301076,1909f56bfc062723c751e8b465ee728b)  -> (artifact id: '122cbb5636eb64e835e2e78a1af97096') in 0.011743 seconds 
========================================================================
Received Import Request.
  Time since last request: 0.000026 seconds.
  path: Assets/SimpleCelebrations/_Prefabs/SC_Birthday_PartyBlower_02.prefab
  artifactKey: Guid(2824b8888d85dcb419c3e42f740e3fb7) Importer(815301076,1909f56bfc062723c751e8b465ee728b)
Start importing Assets/SimpleCelebrations/_Prefabs/SC_Birthday_PartyBlower_02.prefab using Guid(2824b8888d85dcb419c3e42f740e3fb7) Importer(815301076,1909f56bfc062723c751e8b465ee728b)  -> (artifact id: '575cf17129d06638eef866b33948ba92') in 0.012761 seconds 
========================================================================
Received Import Request.
  Time since last request: 0.000028 seconds.
  path: Assets/SimpleCelebrations/_Prefabs/SC_Christmas_Ornaments_04.prefab
  artifactKey: Guid(2a542e2e4e3c94441a7665e0d44b30f1) Importer(815301076,1909f56bfc062723c751e8b465ee728b)
Start importing Assets/SimpleCelebrations/_Prefabs/SC_Christmas_Ornaments_04.prefab using Guid(2a542e2e4e3c94441a7665e0d44b30f1) Importer(815301076,1909f56bfc062723c751e8b465ee728b)  -> (artifact id: '4e6c516a20b53c89134d2abbbf3460d9') in 0.012080 seconds 
========================================================================
Received Import Request.
  Time since last request: 0.000028 seconds.
  path: Assets/SimpleCelebrations/_Prefabs/SC_Christmas_Ornaments_05.prefab
  artifactKey: Guid(7e1dd687a6f88354788b69c55ac3b6d8) Importer(815301076,1909f56bfc062723c751e8b465ee728b)
Start importing Assets/SimpleCelebrations/_Prefabs/SC_Christmas_Ornaments_05.prefab using Guid(7e1dd687a6f88354788b69c55ac3b6d8) Importer(815301076,1909f56bfc062723c751e8b465ee728b)  -> (artifact id: '8d2720048addd1c0dff620f62c79fcb4') in 0.013390 seconds 
========================================================================
Received Import Request.
  Time since last request: 0.000028 seconds.
  path: Assets/SimpleCelebrations/_Prefabs/SC_Easter_BunnyEars.prefab
  artifactKey: Guid(5ffcfba3e072bd6499215821a2186176) Importer(815301076,1909f56bfc062723c751e8b465ee728b)
Start importing Assets/SimpleCelebrations/_Prefabs/SC_Easter_BunnyEars.prefab using Guid(5ffcfba3e072bd6499215821a2186176) Importer(815301076,1909f56bfc062723c751e8b465ee728b)  -> (artifact id: '7376489e7929fd17f51f4f37372222d6') in 0.011060 seconds 
========================================================================
Received Import Request.
  Time since last request: 0.000025 seconds.
  path: Assets/SimpleCelebrations/_Prefabs/SC_Christmas_Presents_01.prefab
  artifactKey: Guid(4ceb3c495bbe0eb43b74b1b3bd74af45) Importer(815301076,1909f56bfc062723c751e8b465ee728b)
Start importing Assets/SimpleCelebrations/_Prefabs/SC_Christmas_Presents_01.prefab using Guid(4ceb3c495bbe0eb43b74b1b3bd74af45) Importer(815301076,1909f56bfc062723c751e8b465ee728b)  -> (artifact id: '999efe195ef30106f254366dbe7f787b') in 0.010816 seconds 
========================================================================
Received Import Request.
  Time since last request: 0.000034 seconds.
  path: Assets/SimpleCelebrations/_Prefabs/SC_CincoDeMayo_Chilli.prefab
  artifactKey: Guid(e1d51f206f403434ba974b408ec9befd) Importer(815301076,1909f56bfc062723c751e8b465ee728b)
Start importing Assets/SimpleCelebrations/_Prefabs/SC_CincoDeMayo_Chilli.prefab using Guid(e1d51f206f403434ba974b408ec9befd) Importer(815301076,1909f56bfc062723c751e8b465ee728b)  -> (artifact id: '41032c2c6520d7af221268ed50e627d0') in 0.011999 seconds 
========================================================================
Received Import Request.
  Time since last request: 0.000022 seconds.
  path: Assets/SimpleCelebrations/_Prefabs/SC_Birthday_Hat_02.prefab
  artifactKey: Guid(5e5b1c0cb2a6bc746b2f1b0180f0c7bd) Importer(815301076,1909f56bfc062723c751e8b465ee728b)
Start importing Assets/SimpleCelebrations/_Prefabs/SC_Birthday_Hat_02.prefab using Guid(5e5b1c0cb2a6bc746b2f1b0180f0c7bd) Importer(815301076,1909f56bfc062723c751e8b465ee728b)  -> (artifact id: 'd703e7188517c629a6e7a054e8756088') in 0.011844 seconds 
========================================================================
Received Import Request.
  Time since last request: 0.000024 seconds.
  path: Assets/SimpleCelebrations/_Prefabs/SC_Christmas_Snowball.prefab
  artifactKey: Guid(1b883d9f0081b6847a0f46c39043c1e2) Importer(815301076,1909f56bfc062723c751e8b465ee728b)
Start importing Assets/SimpleCelebrations/_Prefabs/SC_Christmas_Snowball.prefab using Guid(1b883d9f0081b6847a0f46c39043c1e2) Importer(815301076,1909f56bfc062723c751e8b465ee728b)  -> (artifact id: 'd796ff1bfedde24851cb8240a691aec2') in 0.012234 seconds 
========================================================================
Received Import Request.
  Time since last request: 0.000026 seconds.
  path: Assets/SimpleCelebrations/_Prefabs/SC_Christmas_SantaHat.prefab
  artifactKey: Guid(537e4ddf4c897924abd8c1c0b5a8ed23) Importer(815301076,1909f56bfc062723c751e8b465ee728b)
Start importing Assets/SimpleCelebrations/_Prefabs/SC_Christmas_SantaHat.prefab using Guid(537e4ddf4c897924abd8c1c0b5a8ed23) Importer(815301076,1909f56bfc062723c751e8b465ee728b)  -> (artifact id: '1270dcc047f442a9bc7544f5a734de37') in 0.010795 seconds 
========================================================================
Received Import Request.
  Time since last request: 0.000023 seconds.
  path: Assets/SimpleCelebrations/_Prefabs/SC_ChineseNewYear_Sign_01.prefab
  artifactKey: Guid(ab0cc86ff5e71074499a25f853e31a04) Importer(815301076,1909f56bfc062723c751e8b465ee728b)
Start importing Assets/SimpleCelebrations/_Prefabs/SC_ChineseNewYear_Sign_01.prefab using Guid(ab0cc86ff5e71074499a25f853e31a04) Importer(815301076,1909f56bfc062723c751e8b465ee728b)  -> (artifact id: 'b123c24ce3611fbc0e6d4c9bf2b9c9c4') in 0.012602 seconds 
========================================================================
Received Import Request.
  Time since last request: 0.000022 seconds.
  path: Assets/SimpleCelebrations/_Prefabs/SC_Christmas_Presents_03.prefab
  artifactKey: Guid(908415d0ec845bc4c9f2e5669a0ad407) Importer(815301076,1909f56bfc062723c751e8b465ee728b)
Start importing Assets/SimpleCelebrations/_Prefabs/SC_Christmas_Presents_03.prefab using Guid(908415d0ec845bc4c9f2e5669a0ad407) Importer(815301076,1909f56bfc062723c751e8b465ee728b)  -> (artifact id: 'a6b472505224c26add4e8654375c018c') in 0.013995 seconds 
========================================================================
Received Import Request.
  Time since last request: 0.000033 seconds.
  path: Assets/SimpleCelebrations/_Prefabs/SC_Christmas_Presents_07.prefab
  artifactKey: Guid(d2e7ff9cc46d2ce49ad89048e8b88968) Importer(815301076,1909f56bfc062723c751e8b465ee728b)
Start importing Assets/SimpleCelebrations/_Prefabs/SC_Christmas_Presents_07.prefab using Guid(d2e7ff9cc46d2ce49ad89048e8b88968) Importer(815301076,1909f56bfc062723c751e8b465ee728b)  -> (artifact id: '7c00d3b0864305ce2f7ed2d7237c1ffe') in 0.011427 seconds 
========================================================================
Received Import Request.
  Time since last request: 0.000024 seconds.
  path: Assets/SimpleCelebrations/_Prefabs/SC_Christmas_Ornaments_02.prefab
  artifactKey: Guid(364c8e9336c8d2c49983e089cd56c40d) Importer(815301076,1909f56bfc062723c751e8b465ee728b)
Start importing Assets/SimpleCelebrations/_Prefabs/SC_Christmas_Ornaments_02.prefab using Guid(364c8e9336c8d2c49983e089cd56c40d) Importer(815301076,1909f56bfc062723c751e8b465ee728b)  -> (artifact id: 'b831c772eb346dce3b2c4b4d89292101') in 0.013301 seconds 
========================================================================
Received Import Request.
  Time since last request: 0.000032 seconds.
  path: Assets/SimpleCelebrations/_Prefabs/SC_Easter_Carrot_02.prefab
  artifactKey: Guid(3eb0675565092d343881edbcdcd3651e) Importer(815301076,1909f56bfc062723c751e8b465ee728b)
Start importing Assets/SimpleCelebrations/_Prefabs/SC_Easter_Carrot_02.prefab using Guid(3eb0675565092d343881edbcdcd3651e) Importer(815301076,1909f56bfc062723c751e8b465ee728b)  -> (artifact id: '1b5cd6c6c676c9c0a355dccb45c6b0af') in 0.012711 seconds 
========================================================================
Received Import Request.
  Time since last request: 0.000030 seconds.
  path: Assets/SimpleCelebrations/_Prefabs/SC_Birthday_Hat_01.prefab
  artifactKey: Guid(8bd4f86125bcfb249bf54cdcd7805418) Importer(815301076,1909f56bfc062723c751e8b465ee728b)
Start importing Assets/SimpleCelebrations/_Prefabs/SC_Birthday_Hat_01.prefab using Guid(8bd4f86125bcfb249bf54cdcd7805418) Importer(815301076,1909f56bfc062723c751e8b465ee728b)  -> (artifact id: 'cd9206879a8af6abc38a6a6d35d21ab5') in 0.012729 seconds 
========================================================================
Received Import Request.
  Time since last request: 0.000020 seconds.
  path: Assets/SimpleCelebrations/_Prefabs/SC_CincoDeMayo_Shakers.prefab
  artifactKey: Guid(1bf943383991b2a44af6caeb0187087a) Importer(815301076,1909f56bfc062723c751e8b465ee728b)
Start importing Assets/SimpleCelebrations/_Prefabs/SC_CincoDeMayo_Shakers.prefab using Guid(1bf943383991b2a44af6caeb0187087a) Importer(815301076,1909f56bfc062723c751e8b465ee728b)  -> (artifact id: '096b9a6d4e3631435155d17caff2365c') in 0.014257 seconds 
========================================================================
Received Import Request.
  Time since last request: 1.720660 seconds.
  path: Assets/SimpleCelebrations/_Prefabs/Characters/SC_Character_DayOfTheDead.prefab
  artifactKey: Guid(9923312e216adbc4485e3512124efea4) Importer(815301076,1909f56bfc062723c751e8b465ee728b)
Start importing Assets/SimpleCelebrations/_Prefabs/Characters/SC_Character_DayOfTheDead.prefab using Guid(9923312e216adbc4485e3512124efea4) Importer(815301076,1909f56bfc062723c751e8b465ee728b)  -> (artifact id: 'edc08d16bf9b3ab6639527ac1cfc315c') in 0.081633 seconds 
========================================================================
Received Import Request.
  Time since last request: 0.000022 seconds.
  path: Assets/SimpleCelebrations/_Prefabs/Characters/SC_Character_Leprechaun.prefab
  artifactKey: Guid(7fc937d2be3f5104cbd4f63cdac9fdc9) Importer(815301076,1909f56bfc062723c751e8b465ee728b)
Start importing Assets/SimpleCelebrations/_Prefabs/Characters/SC_Character_Leprechaun.prefab using Guid(7fc937d2be3f5104cbd4f63cdac9fdc9) Importer(815301076,1909f56bfc062723c751e8b465ee728b)  -> (artifact id: '8e7813603b932abd719540b53b16d325') in 0.044014 seconds 
========================================================================
Received Import Request.
  Time since last request: 0.000028 seconds.
  path: Assets/SimpleCelebrations/_Prefabs/Characters/SC_Character_Santa.prefab
  artifactKey: Guid(cd3f9d93aad2abd449fbd82b5a494775) Importer(815301076,1909f56bfc062723c751e8b465ee728b)
Start importing Assets/SimpleCelebrations/_Prefabs/Characters/SC_Character_Santa.prefab using Guid(cd3f9d93aad2abd449fbd82b5a494775) Importer(815301076,1909f56bfc062723c751e8b465ee728b)  -> (artifact id: '21ab1f651d478b8e6548336a060e5fa0') in 0.044318 seconds 
========================================================================
Received Import Request.
  Time since last request: 0.000019 seconds.
  path: Assets/SimpleCelebrations/_Prefabs/Characters/SC_Character_Witch.prefab
  artifactKey: Guid(58b466a0014170a4ba424fbb4bf3c4d6) Importer(815301076,1909f56bfc062723c751e8b465ee728b)
Start importing Assets/SimpleCelebrations/_Prefabs/Characters/SC_Character_Witch.prefab using Guid(58b466a0014170a4ba424fbb4bf3c4d6) Importer(815301076,1909f56bfc062723c751e8b465ee728b)  -> (artifact id: 'e8bfbf4fe38b931eb96c41db9bb31e12') in 0.041057 seconds 
========================================================================
Received Import Request.
  Time since last request: 0.000028 seconds.
  path: Assets/SimpleCelebrations/_Prefabs/Characters/SC_Character_Vampire.prefab
  artifactKey: Guid(79f39fc5f43ffa4439741ae5a6d3cc07) Importer(815301076,1909f56bfc062723c751e8b465ee728b)
Start importing Assets/SimpleCelebrations/_Prefabs/Characters/SC_Character_Vampire.prefab using Guid(79f39fc5f43ffa4439741ae5a6d3cc07) Importer(815301076,1909f56bfc062723c751e8b465ee728b)  -> (artifact id: '13ea561f4daaf815232266797aa42eda') in 0.042851 seconds 
Editor requested this worker to shutdown with reason: Scaling down because of idle timeout
AssetImportWorker is now disconnected from the server
Process exiting
Exiting without the bug reporter. Application will terminate with return code 0